<?xml version="1.0" encoding="UTF-8" ?>
<testsuite tests="2" failures="0" name="com.test.alok.stepdef.TestRunner" time="0.429" errors="2" skipped="0">
  <properties>
[...]
</properties>
  <testcase classname="Verify different GET operations" name="Verify one author of the post" time="0.316">
    <error message="The step &quot;The endpoint is up and running for &quot;https://jsonplaceholder.typicode.com/&quot;&quot; is undefined. You can implement it using the snippet(s) below:

@Given(&quot;The endpoint is up and running for {string}&quot;)
public void the_endpoint_is_up_and_running_for(String string) {
    // Write code here that turns the phrase above into concrete actions
    throw new io.cucumber.java.PendingException();
}


Some other steps were also undefined:

@Given(&quot;User performs a get request for {string} for id {string}&quot;)
public void user_performs_a_get_request_for_for_id(String string, String string2) {
    // Write code here that turns the phrase above into concrete actions
    throw new io.cucumber.java.PendingException();
}
@Then(&quot;User sees the  response with pairs&quot;)
public void user_sees_the_response_with_pairs(io.cucumber.datatable.DataTable dataTable) {
    // Write code here that turns the phrase above into concrete actions
    // For automatic transformation, change DataTable to one of
    // E, List&lt;E&gt;, List&lt;List&lt;E&gt;&gt;, List&lt;Map&lt;K,V&gt;&gt;, Map&lt;K,V&gt; or
    // Map&lt;K, List&lt;V&gt;&gt;. E,K,V must be a String, Integer, Float,
    // Double, Byte, Short, Long, BigInteger or BigDecimal.
    //
    // For other transformations you can register a DataTableType.
    throw new io.cucumber.java.PendingException();
}
" type="io.cucumber.junit.UndefinedStepException">io.cucumber.junit.UndefinedStepException: The step &quot;The endpoint is up and running for &quot;https://jsonplaceholder.typicode.com/&quot;&quot; is undefined. You can implement it using the snippet(s) below:

@Given(&quot;The endpoint is up and running for {string}&quot;)
public void the_endpoint_is_up_and_running_for(String string) {
    // Write code here that turns the phrase above into concrete actions
    throw new io.cucumber.java.PendingException();
}


Some other steps were also undefined:

@Given(&quot;User performs a get request for {string} for id {string}&quot;)
public void user_performs_a_get_request_for_for_id(String string, String string2) {
    // Write code here that turns the phrase above into concrete actions
    throw new io.cucumber.java.PendingException();
}
@Then(&quot;User sees the  response with pairs&quot;)
public void user_sees_the_response_with_pairs(io.cucumber.datatable.DataTable dataTable) {
    // Write code here that turns the phrase above into concrete actions
    // For automatic transformation, change DataTable to one of
    // E, List&lt;E&gt;, List&lt;List&lt;E&gt;&gt;, List&lt;Map&lt;K,V&gt;&gt;, Map&lt;K,V&gt; or
    // Map&lt;K, List&lt;V&gt;&gt;. E,K,V must be a String, Integer, Float,
    // Double, Byte, Short, Long, BigInteger or BigDecimal.
    //
    // For other transformations you can register a DataTableType.
    throw new io.cucumber.java.PendingException();
}

</error>
    <system-out>
Scenario: Verify one author of the post                                            &amp;#27;[90m# src/test/resources/Features/TestMakePosts.feature:21&amp;#27;[0m
  &amp;#27;[33mGiven &amp;#27;[0m&amp;#27;[33mThe endpoint is up and running for &quot;https://jsonplaceholder.typicode.com/&quot;&amp;#27;[0m &amp;#27;[90m# null&amp;#27;[0m
  &amp;#27;[36mAnd &amp;#27;[0m&amp;#27;[36mUser performs a get request for &quot;/post&quot; for id &quot;10&quot;&amp;#27;[0m                          &amp;#27;[90m# null&amp;#27;[0m
  &amp;#27;[36mThen &amp;#27;[0m&amp;#27;[36mUser sees the  response with pairs&amp;#27;[0m                                          &amp;#27;[90m# null&amp;#27;[0m
</system-out>
  </testcase>
  <testcase classname="Update My account details" name="User wants to update first name in his account" time="0.113">
    <error message="The step &quot;User is on homepage&quot; is undefined. You can implement it using the snippet(s) below:

@Given(&quot;User is on homepage&quot;)
public void user_is_on_homepage() {
    // Write code here that turns the phrase above into concrete actions
    throw new io.cucumber.java.PendingException();
}


Some other steps were also undefined:

@When(&quot;User click signin&quot;)
public void user_click_signin() {
    // Write code here that turns the phrase above into concrete actions
    throw new io.cucumber.java.PendingException();
}
@Then(&quot;User sees login screen enters username password&quot;)
public void user_sees_login_screen_enters_username_password() {
    // Write code here that turns the phrase above into concrete actions
    throw new io.cucumber.java.PendingException();
}
@When(&quot;User click signin button&quot;)
public void user_click_signin_button() {
    // Write code here that turns the phrase above into concrete actions
    throw new io.cucumber.java.PendingException();
}
@Then(&quot;User lands on myaccount page&quot;)
public void user_lands_on_myaccount_page() {
    // Write code here that turns the phrase above into concrete actions
    throw new io.cucumber.java.PendingException();
}
@Then(&quot;User clicks on save&quot;)
public void user_clicks_on_save() {
    // Write code here that turns the phrase above into concrete actions
    throw new io.cucumber.java.PendingException();
}
" type="io.cucumber.junit.UndefinedStepException">io.cucumber.junit.UndefinedStepException: The step &quot;User is on homepage&quot; is undefined. You can implement it using the snippet(s) below:

@Given(&quot;User is on homepage&quot;)
public void user_is_on_homepage() {
    // Write code here that turns the phrase above into concrete actions
    throw new io.cucumber.java.PendingException();
}


Some other steps were also undefined:

@When(&quot;User click signin&quot;)
public void user_click_signin() {
    // Write code here that turns the phrase above into concrete actions
    throw new io.cucumber.java.PendingException();
}
@Then(&quot;User sees login screen enters username password&quot;)
public void user_sees_login_screen_enters_username_password() {
    // Write code here that turns the phrase above into concrete actions
    throw new io.cucumber.java.PendingException();
}
@When(&quot;User click signin button&quot;)
public void user_click_signin_button() {
    // Write code here that turns the phrase above into concrete actions
    throw new io.cucumber.java.PendingException();
}
@Then(&quot;User lands on myaccount page&quot;)
public void user_lands_on_myaccount_page() {
    // Write code here that turns the phrase above into concrete actions
    throw new io.cucumber.java.PendingException();
}
@Then(&quot;User clicks on save&quot;)
public void user_clicks_on_save() {
    // Write code here that turns the phrase above into concrete actions
    throw new io.cucumber.java.PendingException();
}

</error>
    <system-out>
Scenario: User wants to update first name in his account &amp;#27;[90m# src/test/resources/Features/UpdateMyAccount.feature:22&amp;#27;[0m
  &amp;#27;[33mGiven &amp;#27;[0m&amp;#27;[33mUser is on homepage&amp;#27;[0m                              &amp;#27;[90m# null&amp;#27;[0m
  &amp;#27;[36mWhen &amp;#27;[0m&amp;#27;[36mUser click signin&amp;#27;[0m                                 &amp;#27;[90m# null&amp;#27;[0m
  &amp;#27;[36mThen &amp;#27;[0m&amp;#27;[36mUser sees login screen enters username password&amp;#27;[0m   &amp;#27;[90m# null&amp;#27;[0m
  &amp;#27;[36mWhen &amp;#27;[0m&amp;#27;[36mUser click signin button&amp;#27;[0m                          &amp;#27;[90m# null&amp;#27;[0m
  &amp;#27;[36mThen &amp;#27;[0m&amp;#27;[36mUser lands on myaccount page&amp;#27;[0m                      &amp;#27;[90m# null&amp;#27;[0m
  &amp;#27;[36mAnd &amp;#27;[0m&amp;#27;[36mUser clicks on save&amp;#27;[0m                                &amp;#27;[90m# null&amp;#27;[0m
</system-out>
  </testcase>
</testsuite>